  1.c
C:\Users\sopip\Documents\GitHub\SWDesign18\SWdesign18\SWdesign18\1.c(301,19): warning C4013: '_kbhit'이(가) 정의되지 않았습니다. extern은 int형을 반환하는 것으로 간주합니다.
C:\Users\sopip\Documents\GitHub\SWDesign18\SWdesign18\SWdesign18\1.c(302,25): warning C4013: '_getch'이(가) 정의되지 않았습니다. extern은 int형을 반환하는 것으로 간주합니다.
C:\Users\sopip\Documents\GitHub\SWDesign18\SWdesign18\SWdesign18\1.c(299,1): warning C4244: '초기화 중': 'double'에서 'int'(으)로 변환하면서 데이터가 손실될 수 있습니다.
C:\Users\sopip\Documents\GitHub\SWDesign18\SWdesign18\SWdesign18\1.c(298,9): warning C4101: 'i' :참조되지 않은 지역 변수입니다.
  GameBoardInfo.c
C:\Users\sopip\Documents\GitHub\SWDesign18\SWdesign18\SWdesign18\1.c(359,15): warning C4101: 'curpos' :참조되지 않은 지역 변수입니다.
  GameBoardInfoTest.c
C:\Users\sopip\Documents\GitHub\SWDesign18\SWdesign18\SWdesign18\GameBoardInfo.c(54,22): warning C4013: 'SetCurrentCursorPos'이(가) 정의되지 않았습니다. extern은 int형을 반환하는 것으로 간주합니다.
C:\Users\sopip\Documents\GitHub\SWDesign18\SWdesign18\SWdesign18\GameBoardInfoTest.c(6,11): error C2061: 구문 오류: 식별자 'Monster'
C:\Users\sopip\Documents\GitHub\SWDesign18\SWdesign18\SWdesign18\GameBoardInfoTest.c(6,11): error C2059: 구문 오류: ';'
C:\Users\sopip\Documents\GitHub\SWDesign18\SWdesign18\SWdesign18\GameBoardInfoTest.c(6,18): error C2059: 구문 오류: '['
  main.c
  movement.c
C:\Users\sopip\Documents\GitHub\SWDesign18\SWdesign18\SWdesign18\GameBoardInfoTest.c(9,1): error C2054: 'Redraw' 다음에 '('가 필요합니다.
C:\Users\sopip\Documents\GitHub\SWDesign18\SWdesign18\SWdesign18\ObjectInfo.h(9,32): error C2122: 'int': 이름 목록의 프로토타입 매개 변수가 잘못되었습니다.
C:\Users\sopip\Documents\GitHub\SWDesign18\SWdesign18\SWdesign18\ObjectInfo.h(10,31): error C2122: 'int': 이름 목록의 프로토타입 매개 변수가 잘못되었습니다.
C:\Users\sopip\Documents\GitHub\SWDesign18\SWdesign18\SWdesign18\ObjectInfo.h(12,2): error C2061: 구문 오류: 식별자 'Item'
C:\Users\sopip\Documents\GitHub\SWDesign18\SWdesign18\SWdesign18\ObjectInfo.h(13,1): error C2059: 구문 오류: '}'
C:\Users\sopip\Documents\GitHub\SWDesign18\SWdesign18\SWdesign18\ObjectInfo.h(20,28): error C2122: 'int': 이름 목록의 프로토타입 매개 변수가 잘못되었습니다.
C:\Users\sopip\Documents\GitHub\SWDesign18\SWdesign18\SWdesign18\movement.c(11,11): error C2061: 구문 오류: 식별자 'pc'
C:\Users\sopip\Documents\GitHub\SWDesign18\SWdesign18\SWdesign18\movement.c(11,11): error C2059: 구문 오류: ';'
C:\Users\sopip\Documents\GitHub\SWDesign18\SWdesign18\SWdesign18\movement.c(41,27): error C2146: 구문 오류: ')'이(가) 'moving' 식별자 앞에 없습니다.
C:\Users\sopip\Documents\GitHub\SWDesign18\SWdesign18\SWdesign18\movement.c(41,27): error C2061: 구문 오류: 식별자 'moving'
C:\Users\sopip\Documents\GitHub\SWDesign18\SWdesign18\SWdesign18\movement.c(41,27): error C2059: 구문 오류: ';'
C:\Users\sopip\Documents\GitHub\SWDesign18\SWdesign18\SWdesign18\movement.c(41,33): error C2059: 구문 오류: ','
C:\Users\sopip\Documents\GitHub\SWDesign18\SWdesign18\SWdesign18\movement.c(41,58): error C2059: 구문 오류: ')'
C:\Users\sopip\Documents\GitHub\SWDesign18\SWdesign18\SWdesign18\movement.c(52,26): error C2146: 구문 오류: ')'이(가) 'moving' 식별자 앞에 없습니다.
C:\Users\sopip\Documents\GitHub\SWDesign18\SWdesign18\SWdesign18\movement.c(52,26): error C2061: 구문 오류: 식별자 'moving'
C:\Users\sopip\Documents\GitHub\SWDesign18\SWdesign18\SWdesign18\movement.c(52,26): error C2059: 구문 오류: ';'
C:\Users\sopip\Documents\GitHub\SWDesign18\SWdesign18\SWdesign18\movement.c(52,32): error C2059: 구문 오류: ','
C:\Users\sopip\Documents\GitHub\SWDesign18\SWdesign18\SWdesign18\movement.c(52,57): error C2059: 구문 오류: ')'
C:\Users\sopip\Documents\GitHub\SWDesign18\SWdesign18\SWdesign18\movement.c(63,26): error C2146: 구문 오류: ')'이(가) 'moving' 식별자 앞에 없습니다.
C:\Users\sopip\Documents\GitHub\SWDesign18\SWdesign18\SWdesign18\movement.c(63,26): error C2061: 구문 오류: 식별자 'moving'
C:\Users\sopip\Documents\GitHub\SWDesign18\SWdesign18\SWdesign18\movement.c(63,26): error C2059: 구문 오류: ';'
C:\Users\sopip\Documents\GitHub\SWDesign18\SWdesign18\SWdesign18\movement.c(63,32): error C2059: 구문 오류: ','
C:\Users\sopip\Documents\GitHub\SWDesign18\SWdesign18\SWdesign18\movement.c(63,57): error C2059: 구문 오류: ')'
C:\Users\sopip\Documents\GitHub\SWDesign18\SWdesign18\SWdesign18\movement.c(74,24): error C2146: 구문 오류: ')'이(가) 'moving' 식별자 앞에 없습니다.
C:\Users\sopip\Documents\GitHub\SWDesign18\SWdesign18\SWdesign18\movement.c(74,24): error C2061: 구문 오류: 식별자 'moving'
C:\Users\sopip\Documents\GitHub\SWDesign18\SWdesign18\SWdesign18\movement.c(74,24): error C2059: 구문 오류: ';'
C:\Users\sopip\Documents\GitHub\SWDesign18\SWdesign18\SWdesign18\movement.c(74,30): error C2059: 구문 오류: ','
C:\Users\sopip\Documents\GitHub\SWDesign18\SWdesign18\SWdesign18\movement.c(74,55): error C2059: 구문 오류: ')'
C:\Users\sopip\Documents\GitHub\SWDesign18\SWdesign18\SWdesign18\movement.c(92,19): warning C4013: '_kbhit'이(가) 정의되지 않았습니다. extern은 int형을 반환하는 것으로 간주합니다.
C:\Users\sopip\Documents\GitHub\SWDesign18\SWdesign18\SWdesign18\movement.c(93,25): warning C4013: '_getch'이(가) 정의되지 않았습니다. extern은 int형을 반환하는 것으로 간주합니다.
C:\Users\sopip\Documents\GitHub\SWDesign18\SWdesign18\SWdesign18\movement.c(100,30): warning C4013: 'ShiftLeft'이(가) 정의되지 않았습니다. extern은 int형을 반환하는 것으로 간주합니다.
C:\Users\sopip\Documents\GitHub\SWDesign18\SWdesign18\SWdesign18\movement.c(100,33): error C2065: 'pc': 선언되지 않은 식별자입니다.
C:\Users\sopip\Documents\GitHub\SWDesign18\SWdesign18\SWdesign18\movement.c(103,31): warning C4013: 'ShiftRight'이(가) 정의되지 않았습니다. extern은 int형을 반환하는 것으로 간주합니다.
C:\Users\sopip\Documents\GitHub\SWDesign18\SWdesign18\SWdesign18\movement.c(103,34): error C2065: 'pc': 선언되지 않은 식별자입니다.
C:\Users\sopip\Documents\GitHub\SWDesign18\SWdesign18\SWdesign18\movement.c(106,28): warning C4013: 'ShiftUp'이(가) 정의되지 않았습니다. extern은 int형을 반환하는 것으로 간주합니다.
C:\Users\sopip\Documents\GitHub\SWDesign18\SWdesign18\SWdesign18\movement.c(106,31): error C2065: 'pc': 선언되지 않은 식별자입니다.
C:\Users\sopip\Documents\GitHub\SWDesign18\SWdesign18\SWdesign18\movement.c(109,30): warning C4013: 'ShiftDown'이(가) 정의되지 않았습니다. extern은 int형을 반환하는 것으로 간주합니다.
C:\Users\sopip\Documents\GitHub\SWDesign18\SWdesign18\SWdesign18\movement.c(109,33): error C2065: 'pc': 선언되지 않은 식별자입니다.
C:\Users\sopip\Documents\GitHub\SWDesign18\SWdesign18\SWdesign18\movement.c(119,23): error C2065: 'pc': 선언되지 않은 식별자입니다.
C:\Users\sopip\Documents\GitHub\SWDesign18\SWdesign18\SWdesign18\movement.c(119,24): error C2224: '.inventory' 왼쪽에는 구조체/공용 구조체 형식이 있어야 합니다.
  ObjectInfo.c
C:\Users\sopip\Documents\GitHub\SWDesign18\SWdesign18\SWdesign18\movement.c(124,18): warning C4244: '함수': 'double'에서 'DWORD'(으)로 변환하면서 데이터가 손실될 수 있습니다.
C:\Users\sopip\Documents\GitHub\SWDesign18\SWdesign18\SWdesign18\ObjectInfo.h(9,32): error C2122: 'int': 이름 목록의 프로토타입 매개 변수가 잘못되었습니다.
C:\Users\sopip\Documents\GitHub\SWDesign18\SWdesign18\SWdesign18\ObjectInfo.h(10,31): error C2122: 'int': 이름 목록의 프로토타입 매개 변수가 잘못되었습니다.
C:\Users\sopip\Documents\GitHub\SWDesign18\SWdesign18\SWdesign18\ObjectInfo.h(12,2): error C2061: 구문 오류: 식별자 'Item'
C:\Users\sopip\Documents\GitHub\SWDesign18\SWdesign18\SWdesign18\ObjectInfo.h(13,1): error C2059: 구문 오류: '}'
  코드를 생성하고 있습니다...
C:\Users\sopip\Documents\GitHub\SWDesign18\SWdesign18\SWdesign18\ObjectInfo.h(20,28): error C2122: 'int': 이름 목록의 프로토타입 매개 변수가 잘못되었습니다.
C:\Users\sopip\Documents\GitHub\SWDesign18\SWdesign18\SWdesign18\1.c(168): warning C4715: 'DetectCollision': 모든 제어 경로에서 값을 반환하지는 않습니다.
